<?xml version="1.0" encoding="UTF-8"?>
<testsuite name="com.bmcl.refactoring.example3.SimpleOrderTest" tests="3" skipped="0" failures="0" errors="0" timestamp="2023-11-10T19:50:26" hostname="DESKTOP-85J2TL8" time="0.002">
  <properties/>
  <testcase name="testFixedDiscount()" classname="com.bmcl.refactoring.example3.SimpleOrderTest" time="0.001"/>
  <testcase name="testPercentageDiscount()" classname="com.bmcl.refactoring.example3.SimpleOrderTest" time="0.0"/>
  <testcase name="testNoDiscount()" classname="com.bmcl.refactoring.example3.SimpleOrderTest" time="0.0"/>
  <system-out><![CDATA[]]></system-out>
  <system-err><![CDATA[]]></system-err>
</testsuite>
