<?xml version="1.0" encoding="UTF-8"?>
<testsuite name="com.bmcl.refactoring.example1.OrderTest" tests="2" skipped="0" failures="0" errors="0" timestamp="2023-11-10T19:50:26" hostname="DESKTOP-85J2TL8" time="0.025">
  <properties/>
  <testcase name="printOrder()" classname="com.bmcl.refactoring.example1.OrderTest" time="0.024"/>
  <testcase name="isElegibleForFreeDelivery()" classname="com.bmcl.refactoring.example1.OrderTest" time="0.001"/>
  <system-out><![CDATA[]]></system-out>
  <system-err><![CDATA[]]></system-err>
</testsuite>
