<?xml version="1.0" encoding="UTF-8"?>
<testsuite name="com.bmcl.refactoring.example6.TreeTest" tests="6" skipped="0" failures="0" errors="0" timestamp="2023-11-14T22:41:59" hostname="AASFGOMES" time="0.024">
  <properties/>
  <testcase name="testTreeSetLocation()" classname="com.bmcl.refactoring.example6.TreeTest" time="0.013"/>
  <testcase name="testToString()" classname="com.bmcl.refactoring.example6.TreeTest" time="0.005"/>
  <testcase name="testAddAppraisal()" classname="com.bmcl.refactoring.example6.TreeTest" time="0.001"/>
  <testcase name="testNextAppraisalNotOverdue()" classname="com.bmcl.refactoring.example6.TreeTest" time="0.001"/>
  <testcase name="testTreeCreation()" classname="com.bmcl.refactoring.example6.TreeTest" time="0.0"/>
  <testcase name="testNextAppraisalOverdue()" classname="com.bmcl.refactoring.example6.TreeTest" time="0.001"/>
  <system-out><![CDATA[]]></system-out>
  <system-err><![CDATA[]]></system-err>
</testsuite>
